{
  "RSpec": {
    "coverage": {
      "/Users/NHB/Documents/TAMU/606/schedulerIAP/app/helpers/application_helper.rb": [
        1,
        null
      ],
      "/Users/NHB/Documents/TAMU/606/schedulerIAP/app/helpers/appointments_helper.rb": [
        1,
        null
      ],
      "/Users/NHB/Documents/TAMU/606/schedulerIAP/app/helpers/companies_helper.rb": [
        1,
        null
      ],
      "/Users/NHB/Documents/TAMU/606/schedulerIAP/app/helpers/events_helper.rb": [
        1,
        null
      ],
      "/Users/NHB/Documents/TAMU/606/schedulerIAP/app/helpers/sessions_helper.rb": [
        1,
        1,
        0,
        null,
        null
      ],
      "/Users/NHB/Documents/TAMU/606/schedulerIAP/app/helpers/students_helper.rb": [
        1,
        null
      ],
      "/Users/NHB/Documents/TAMU/606/schedulerIAP/app/helpers/useradds_helper.rb": [
        1,
        null,
        null,
        null
      ],
      "/Users/NHB/Documents/TAMU/606/schedulerIAP/app/controllers/appointments_controller.rb": [
        1,
        1,
        null,
        1,
        null,
        null,
        1,
        1,
        null,
        null,
        null,
        null,
        1,
        null,
        null,
        null,
        1,
        1,
        null,
        null,
        null,
        1,
        null,
        null,
        null,
        null,
        1,
        5,
        null,
        5,
        5,
        6,
        3,
        null,
        4,
        2,
        null,
        null,
        null,
        null,
        null,
        null,
        1,
        5,
        5,
        6,
        3,
        null,
        4,
        2,
        null,
        null,
        null,
        null,
        null,
        null,
        1,
        2,
        2,
        4,
        2,
        null,
        null,
        null,
        1,
        null,
        1,
        0,
        0,
        0,
        null,
        0,
        0,
        0,
        null,
        null,
        0,
        0,
        0,
        0,
        0,
        0,
        null,
        null,
        null,
        0,
        0,
        null,
        0,
        0,
        null,
        null,
        null,
        null,
        null,
        1,
        null,
        1,
        9,
        null,
        null,
        null,
        1,
        10,
        null,
        null,
        null,
        1,
        null,
        0,
        0,
        0,
        0,
        0,
        0,
        0,
        0,
        null,
        null,
        null,
        null,
        null,
        1,
        null,
        0,
        null,
        0,
        null,
        0,
        0,
        0,
        0,
        0,
        0,
        0,
        0,
        0,
        0,
        0,
        0,
        0,
        0,
        null,
        null,
        null,
        0,
        0,
        null,
        null,
        0,
        0,
        null,
        null,
        0,
        0,
        null,
        null,
        0,
        0,
        null,
        null,
        0,
        0,
        null,
        0,
        null,
        0,
        0,
        null,
        null,
        0,
        null,
        0,
        0,
        0,
        null,
        0,
        null,
        null,
        0,
        null,
        null,
        null,
        null,
        1,
        0,
        0,
        0,
        0,
        null,
        null,
        0,
        0,
        0,
        null,
        0,
        0,
        0,
        0,
        0,
        0,
        0,
        0,
        0,
        0,
        0,
        0,
        0,
        0,
        null,
        null,
        null,
        0,
        0,
        null,
        null,
        null,
        null,
        null,
        null,
        1,
        0,
        0,
        0,
        0,
        0,
        null,
        0,
        0,
        0,
        0,
        null,
        0,
        0,
        null,
        0,
        0,
        0,
        0,
        0,
        0,
        0,
        0,
        0,
        0,
        0,
        0,
        null,
        null,
        0,
        0,
        null,
        null,
        null,
        null,
        null,
        0,
        0,
        null,
        null,
        null,
        null
      ],
      "/Users/NHB/Documents/TAMU/606/schedulerIAP/app/controllers/application_controller.rb": [
        1,
        null,
        null,
        1,
        1,
        1,
        4,
        4,
        4,
        null,
        null,
        null,
        1,
        4,
        null,
        null,
        1,
        6,
        null,
        null,
        1,
        4,
        null,
        null,
        1,
        0,
        null,
        null,
        null
      ],
      "/Users/NHB/Documents/TAMU/606/schedulerIAP/app/controllers/companies_controller.rb": [
        1,
        1,
        null,
        null,
        1,
        null,
        null,
        1,
        1,
        1,
        null,
        null,
        null,
        null,
        null,
        1,
        1,
        1,
        1,
        1,
        null,
        null,
        null,
        null,
        null,
        1,
        1,
        1,
        null,
        1,
        1,
        1,
        1,
        null,
        null,
        null,
        null,
        1,
        1,
        1,
        1,
        1,
        1,
        1,
        1,
        0,
        0,
        null,
        null,
        null,
        1,
        null,
        1,
        1,
        1,
        null,
        null,
        null,
        null,
        null,
        null,
        1,
        5,
        5,
        null,
        5,
        5,
        3,
        3,
        3,
        0,
        0,
        null,
        null,
        3,
        null,
        6,
        3,
        null,
        2,
        2,
        2,
        2,
        4,
        2,
        null,
        null,
        null,
        null,
        null,
        null,
        null,
        1,
        5,
        5,
        3,
        3,
        3,
        0,
        0,
        null,
        3,
        null,
        6,
        3,
        null,
        2,
        2,
        2,
        2,
        null,
        4,
        2,
        null,
        null,
        null,
        null,
        null,
        null,
        null,
        1,
        2,
        2,
        2,
        2,
        4,
        2,
        null,
        null,
        null,
        null,
        1,
        null,
        null,
        1,
        2,
        null,
        null,
        1,
        9,
        null,
        null,
        null,
        1,
        10,
        null,
        null
      ],
      "/Users/NHB/Documents/TAMU/606/schedulerIAP/app/controllers/events_controller.rb": [
        1,
        1,
        null,
        null,
        1,
        null,
        null,
        1,
        1,
        1,
        null,
        null,
        null,
        null,
        1,
        1,
        1,
        null,
        null,
        null,
        1,
        1,
        1,
        1,
        null,
        null,
        null,
        1,
        1,
        1,
        null,
        null,
        null,
        null,
        1,
        5,
        5,
        5,
        5,
        null,
        5,
        5,
        3,
        3,
        24,
        18,
        18,
        18,
        null,
        null,
        6,
        3,
        null,
        2,
        2,
        4,
        2,
        null,
        null,
        null,
        null,
        null,
        null,
        null,
        1,
        5,
        5,
        6,
        3,
        null,
        2,
        2,
        4,
        2,
        null,
        null,
        null,
        null,
        null,
        null,
        1,
        2,
        2,
        4,
        2,
        null,
        null,
        null,
        1,
        null,
        1,
        9,
        null,
        null,
        1,
        2,
        2,
        2,
        2,
        2,
        0,
        null,
        null,
        2,
        null,
        null,
        1,
        10,
        null,
        null
      ],
      "/Users/NHB/Documents/TAMU/606/schedulerIAP/app/controllers/students_controller.rb": [
        1,
        1,
        null,
        null,
        1,
        null,
        1,
        1,
        1,
        1,
        null,
        null,
        null,
        null,
        1,
        null,
        0,
        0,
        0,
        0,
        0,
        0,
        0,
        0,
        0,
        0,
        0,
        0,
        null,
        null,
        0,
        0,
        null,
        null,
        0,
        null,
        null,
        null,
        null,
        null,
        1,
        null,
        1,
        1,
        1,
        null,
        null,
        1,
        1,
        1,
        1,
        1,
        1,
        0,
        0,
        0,
        0,
        0,
        0,
        null,
        null,
        0,
        0,
        null,
        null,
        1,
        null,
        null,
        null,
        null,
        null,
        1,
        1,
        1,
        null,
        1,
        null,
        null,
        1,
        1,
        0,
        0,
        0,
        null,
        null,
        null,
        null,
        null,
        1,
        1,
        0,
        0,
        0,
        0,
        null,
        null,
        0,
        0,
        0,
        0,
        null,
        null,
        null,
        1,
        1,
        null,
        null,
        null,
        null,
        null,
        1,
        5,
        5,
        null,
        5,
        5,
        0,
        null,
        null,
        5,
        5,
        5,
        3,
        null,
        3,
        null,
        3,
        3,
        0,
        0,
        0,
        null,
        null,
        null,
        null,
        null,
        null,
        3,
        3,
        3,
        3,
        3,
        3,
        0,
        0,
        0,
        0,
        0,
        0,
        null,
        null,
        0,
        0,
        null,
        null,
        3,
        null,
        null,
        null,
        null,
        null,
        6,
        3,
        null,
        null,
        2,
        2,
        0,
        0,
        null,
        null,
        2,
        4,
        2,
        null,
        null,
        null,
        null,
        null,
        null,
        1,
        5,
        5,
        null,
        5,
        5,
        0,
        null,
        null,
        5,
        5,
        5,
        5,
        0,
        0,
        null,
        null,
        null,
        5,
        3,
        3,
        null,
        null,
        null,
        6,
        3,
        null,
        2,
        2,
        0,
        0,
        null,
        null,
        2,
        4,
        2,
        null,
        null,
        null,
        null,
        null,
        null,
        null,
        1,
        2,
        2,
        2,
        4,
        2,
        null,
        null,
        null,
        1,
        null,
        1,
        0,
        0,
        0,
        null,
        0,
        0,
        null,
        0,
        0,
        null,
        null,
        null,
        1,
        2,
        null,
        null,
        1,
        9,
        null,
        null,
        null,
        1,
        10,
        null,
        null,
        null
      ],
      "/Users/NHB/Documents/TAMU/606/schedulerIAP/app/models/student.rb": [
        1,
        1,
        1,
        1,
        1,
        1,
        null,
        null,
        null,
        1,
        1,
        1,
        null
      ],
      "/Users/NHB/Documents/TAMU/606/schedulerIAP/app/controllers/useradds_controller.rb": [
        1,
        1,
        1,
        0,
        null,
        null,
        1,
        1,
        null,
        null,
        1,
        0,
        0,
        null,
        0,
        0,
        null,
        0,
        0,
        null,
        null,
        null,
        null,
        1,
        null,
        1,
        0,
        null,
        null,
        null,
        null,
        null,
        null,
        null,
        null,
        null,
        null,
        null,
        null,
        null,
        null,
        null,
        null,
        null,
        null,
        null,
        null,
        null
      ],
      "/Users/NHB/Documents/TAMU/606/schedulerIAP/app/models/companyevent.rb": [
        1,
        1,
        1,
        null,
        1,
        1,
        null,
        1,
        null
      ],
      "/Users/NHB/Documents/TAMU/606/schedulerIAP/app/models/appointment.rb": [
        1,
        1,
        null
      ],
      "/Users/NHB/Documents/TAMU/606/schedulerIAP/app/models/company.rb": [
        1,
        1,
        1,
        null,
        1,
        1,
        null,
        1,
        1,
        1,
        1,
        null,
        null,
        null
      ],
      "/Users/NHB/Documents/TAMU/606/schedulerIAP/app/models/event.rb": [
        1,
        1,
        1,
        1,
        1,
        1,
        null
      ],
      "/Users/NHB/Documents/TAMU/606/schedulerIAP/app/mailers/user_mailer.rb": [
        1,
        null,
        1,
        null,
        1,
        3,
        3,
        0,
        0,
        null,
        3,
        null,
        null,
        1,
        6,
        6,
        0,
        0,
        null,
        6,
        null,
        null,
        1,
        2,
        2,
        0,
        0,
        null,
        2,
        null,
        null,
        1,
        2,
        2,
        0,
        0,
        null,
        2,
        null,
        null
      ],
      "/Users/NHB/Documents/TAMU/606/schedulerIAP/app/mailers/application_mailer.rb": [
        1,
        1,
        1,
        null
      ],
      "/Users/NHB/Documents/TAMU/606/schedulerIAP/app/models/timeslot.rb": [
        1,
        1,
        1,
        null,
        1,
        6,
        6,
        0,
        0,
        null,
        null,
        null,
        null,
        null,
        1,
        5,
        5,
        0,
        0,
        null,
        null,
        null,
        null,
        1,
        0,
        0,
        0,
        null,
        null,
        null,
        null
      ],
      "/Users/NHB/Documents/TAMU/606/schedulerIAP/app/models/useradd.rb": [
        1,
        1,
        1,
        1,
        1,
        null,
        null,
        1,
        1,
        null
      ],
      "/Users/NHB/Documents/TAMU/606/schedulerIAP/app/controllers/sessions_controller.rb": [
        0,
        0,
        0,
        0,
        0,
        0,
        0,
        0,
        0,
        0,
        0,
        0,
        0,
        0,
        0,
        0,
        0,
        0,
        0,
        0,
        0,
        0,
        0,
        0,
        0,
        0,
        0,
        0,
        0,
        0,
        0,
        0,
        0,
        0,
        0,
        0,
        0,
        0,
        0,
        0,
        0,
        0,
        0,
        0,
        0,
        0,
        0,
        0,
        0,
        0,
        0,
        0,
        0,
        0,
        0,
        0,
        0,
        0,
        0,
        0,
        0,
        0,
        0,
        0,
        0,
        0,
        0,
        0,
        0,
        0,
        0,
        0,
        0,
        0,
        0,
        0,
        0,
        0,
        0,
        0,
        0,
        0,
        0,
        0,
        0,
        0,
        0,
        0,
        0,
        0,
        0,
        0,
        0,
        0,
        0,
        0,
        0,
        0,
        0,
        0,
        0,
        0,
        0,
        0,
        0,
        0,
        0,
        0,
        0,
        0,
        0
      ],
      "/Users/NHB/Documents/TAMU/606/schedulerIAP/app/models/session.rb": [
        0,
        0
      ]
    },
    "timestamp": 1476998480
  }
}
